{"C:\\Users\\Dev. JM\\Desktop\\RestApiPERN\\src\\router.ts": {"path":"C:\\Users\\Dev. JM\\Desktop\\RestApiPERN\\src\\router.ts","statementMap":{"0":{"start":{"line":1,"column":0},"end":{"line":1,"column":33}},"1":{"start":{"line":2,"column":0},"end":{"line":2,"column":110}},"2":{"start":{"line":3,"column":0},"end":{"line":3,"column":49}},"3":{"start":{"line":4,"column":0},"end":{"line":4,"column":48}},"4":{"start":{"line":7,"column":15},"end":{"line":7,"column":23}},"5":{"start":{"line":11,"column":0},"end":{"line":11,"column":null}},"6":{"start":{"line":13,"column":0},"end":{"line":17,"column":null}},"7":{"start":{"line":19,"column":0},"end":{"line":29,"column":null}},"8":{"start":{"line":26,"column":25},"end":{"line":26,"column":34}},"9":{"start":{"line":31,"column":0},"end":{"line":41,"column":null}},"10":{"start":{"line":37,"column":25},"end":{"line":37,"column":34}},"11":{"start":{"line":43,"column":0},"end":{"line":47,"column":null}},"12":{"start":{"line":53,"column":0},"end":{"line":53,"column":null}}},"fnMap":{"0":{"name":"(anonymous_0)","decl":{"start":{"line":26,"column":16},"end":{"line":26,"column":21}},"loc":{"start":{"line":26,"column":25},"end":{"line":26,"column":34}}},"1":{"name":"(anonymous_1)","decl":{"start":{"line":37,"column":16},"end":{"line":37,"column":21}},"loc":{"start":{"line":37,"column":25},"end":{"line":37,"column":34}}}},"branchMap":{},"s":{"0":1,"1":1,"2":1,"3":1,"4":1,"5":1,"6":1,"7":1,"8":3,"9":1,"10":0,"11":1,"12":1},"f":{"0":3,"1":0},"b":{}}
,"C:\\Users\\Dev. JM\\Desktop\\RestApiPERN\\src\\server.ts": {"path":"C:\\Users\\Dev. JM\\Desktop\\RestApiPERN\\src\\server.ts","statementMap":{"0":{"start":{"line":1,"column":0},"end":{"line":1,"column":30}},"1":{"start":{"line":2,"column":0},"end":{"line":2,"column":30}},"2":{"start":{"line":3,"column":0},"end":{"line":3,"column":29}},"3":{"start":{"line":8,"column":4},"end":{"line":17,"column":5}},"4":{"start":{"line":9,"column":8},"end":{"line":9,"column":null}},"5":{"start":{"line":10,"column":8},"end":{"line":10,"column":null}},"6":{"start":{"line":14,"column":8},"end":{"line":14,"column":null}},"7":{"start":{"line":15,"column":8},"end":{"line":15,"column":null}},"8":{"start":{"line":20,"column":0},"end":{"line":20,"column":null}},"9":{"start":{"line":23,"column":15},"end":{"line":23,"column":24}},"10":{"start":{"line":26,"column":0},"end":{"line":26,"column":null}},"11":{"start":{"line":29,"column":0},"end":{"line":29,"column":null}},"12":{"start":{"line":31,"column":0},"end":{"line":31,"column":null}}},"fnMap":{"0":{"name":"connectDB","decl":{"start":{"line":7,"column":15},"end":{"line":7,"column":24}},"loc":{"start":{"line":7,"column":24},"end":{"line":18,"column":1}}}},"branchMap":{},"s":{"0":1,"1":1,"2":1,"3":1,"4":1,"5":1,"6":0,"7":0,"8":1,"9":1,"10":1,"11":1,"12":1},"f":{"0":1},"b":{}}
,"C:\\Users\\Dev. JM\\Desktop\\RestApiPERN\\src\\config\\db.ts": {"path":"C:\\Users\\Dev. JM\\Desktop\\RestApiPERN\\src\\config\\db.ts","statementMap":{"0":{"start":{"line":1,"column":0},"end":{"line":1,"column":27}},"1":{"start":{"line":2,"column":0},"end":{"line":2,"column":46}},"2":{"start":{"line":4,"column":0},"end":{"line":4,"column":null}},"3":{"start":{"line":7,"column":11},"end":{"line":10,"column":2}},"4":{"start":{"line":13,"column":0},"end":{"line":13,"column":null}}},"fnMap":{},"branchMap":{},"s":{"0":1,"1":1,"2":1,"3":1,"4":1},"f":{},"b":{}}
,"C:\\Users\\Dev. JM\\Desktop\\RestApiPERN\\src\\handlers\\product.ts": {"path":"C:\\Users\\Dev. JM\\Desktop\\RestApiPERN\\src\\handlers\\product.ts","statementMap":{"0":{"start":{"line":2,"column":0},"end":{"line":2,"column":45}},"1":{"start":{"line":4,"column":27},"end":{"line":16,"column":1}},"2":{"start":{"line":5,"column":4},"end":{"line":15,"column":5}},"3":{"start":{"line":6,"column":30},"end":{"line":10,"column":10}},"4":{"start":{"line":11,"column":8},"end":{"line":11,"column":null}},"5":{"start":{"line":14,"column":8},"end":{"line":14,"column":null}},"6":{"start":{"line":4,"column":13},"end":{"line":4,"column":27}},"7":{"start":{"line":19,"column":30},"end":{"line":34,"column":1}},"8":{"start":{"line":20,"column":4},"end":{"line":33,"column":5}},"9":{"start":{"line":21,"column":23},"end":{"line":21,"column":33}},"10":{"start":{"line":22,"column":29},"end":{"line":22,"column":55}},"11":{"start":{"line":24,"column":8},"end":{"line":28,"column":9}},"12":{"start":{"line":25,"column":12},"end":{"line":27,"column":null}},"13":{"start":{"line":29,"column":8},"end":{"line":29,"column":null}},"14":{"start":{"line":32,"column":8},"end":{"line":32,"column":null}},"15":{"start":{"line":19,"column":13},"end":{"line":19,"column":30}},"16":{"start":{"line":38,"column":29},"end":{"line":47,"column":1}},"17":{"start":{"line":39,"column":4},"end":{"line":46,"column":5}},"18":{"start":{"line":40,"column":24},"end":{"line":40,"column":45}},"19":{"start":{"line":41,"column":28},"end":{"line":41,"column":48}},"20":{"start":{"line":42,"column":8},"end":{"line":42,"column":null}},"21":{"start":{"line":45,"column":8},"end":{"line":45,"column":null}},"22":{"start":{"line":38,"column":13},"end":{"line":38,"column":29}},"23":{"start":{"line":51,"column":29},"end":{"line":67,"column":1}},"24":{"start":{"line":52,"column":19},"end":{"line":52,"column":29}},"25":{"start":{"line":53,"column":25},"end":{"line":53,"column":51}},"26":{"start":{"line":56,"column":4},"end":{"line":60,"column":5}},"27":{"start":{"line":57,"column":8},"end":{"line":59,"column":null}},"28":{"start":{"line":63,"column":4},"end":{"line":63,"column":null}},"29":{"start":{"line":64,"column":4},"end":{"line":64,"column":null}},"30":{"start":{"line":66,"column":4},"end":{"line":66,"column":null}},"31":{"start":{"line":51,"column":13},"end":{"line":51,"column":29}},"32":{"start":{"line":70,"column":29},"end":{"line":87,"column":1}},"33":{"start":{"line":71,"column":19},"end":{"line":71,"column":29}},"34":{"start":{"line":72,"column":25},"end":{"line":72,"column":51}},"35":{"start":{"line":75,"column":4},"end":{"line":79,"column":5}},"36":{"start":{"line":76,"column":8},"end":{"line":78,"column":null}},"37":{"start":{"line":82,"column":4},"end":{"line":82,"column":null}},"38":{"start":{"line":83,"column":4},"end":{"line":83,"column":null}},"39":{"start":{"line":86,"column":4},"end":{"line":86,"column":null}},"40":{"start":{"line":70,"column":13},"end":{"line":70,"column":29}}},"fnMap":{"0":{"name":"(anonymous_1)","decl":{"start":{"line":4,"column":27},"end":{"line":4,"column":32}},"loc":{"start":{"line":4,"column":65},"end":{"line":16,"column":1}}},"1":{"name":"(anonymous_2)","decl":{"start":{"line":19,"column":30},"end":{"line":19,"column":35}},"loc":{"start":{"line":19,"column":68},"end":{"line":34,"column":1}}},"2":{"name":"(anonymous_3)","decl":{"start":{"line":38,"column":29},"end":{"line":38,"column":34}},"loc":{"start":{"line":38,"column":67},"end":{"line":47,"column":1}}},"3":{"name":"(anonymous_4)","decl":{"start":{"line":51,"column":29},"end":{"line":51,"column":34}},"loc":{"start":{"line":51,"column":68},"end":{"line":67,"column":1}}},"4":{"name":"(anonymous_5)","decl":{"start":{"line":70,"column":29},"end":{"line":70,"column":34}},"loc":{"start":{"line":70,"column":69},"end":{"line":87,"column":1}}}},"branchMap":{"0":{"loc":{"start":{"line":24,"column":8},"end":{"line":28,"column":9}},"type":"if","locations":[{"start":{"line":24,"column":8},"end":{"line":28,"column":9}}]},"1":{"loc":{"start":{"line":56,"column":4},"end":{"line":60,"column":5}},"type":"if","locations":[{"start":{"line":56,"column":4},"end":{"line":60,"column":5}}]},"2":{"loc":{"start":{"line":75,"column":4},"end":{"line":79,"column":5}},"type":"if","locations":[{"start":{"line":75,"column":4},"end":{"line":79,"column":5}}]}},"s":{"0":1,"1":1,"2":1,"3":1,"4":1,"5":0,"6":1,"7":1,"8":2,"9":2,"10":2,"11":2,"12":1,"13":1,"14":0,"15":1,"16":1,"17":1,"18":1,"19":1,"20":1,"21":0,"22":1,"23":1,"24":0,"25":0,"26":0,"27":0,"28":0,"29":0,"30":0,"31":1,"32":1,"33":0,"34":0,"35":0,"36":0,"37":0,"38":0,"39":0,"40":1},"f":{"0":1,"1":2,"2":1,"3":0,"4":0},"b":{"0":[1],"1":[0],"2":[0]}}
,"C:\\Users\\Dev. JM\\Desktop\\RestApiPERN\\src\\middleware\\index.ts": {"path":"C:\\Users\\Dev. JM\\Desktop\\RestApiPERN\\src\\middleware\\index.ts","statementMap":{"0":{"start":{"line":2,"column":0},"end":{"line":2,"column":52}},"1":{"start":{"line":4,"column":33},"end":{"line":14,"column":1}},"2":{"start":{"line":6,"column":17},"end":{"line":6,"column":38}},"3":{"start":{"line":7,"column":4},"end":{"line":9,"column":5}},"4":{"start":{"line":8,"column":8},"end":{"line":8,"column":null}},"5":{"start":{"line":13,"column":4},"end":{"line":13,"column":null}},"6":{"start":{"line":4,"column":13},"end":{"line":4,"column":33}}},"fnMap":{"0":{"name":"(anonymous_0)","decl":{"start":{"line":4,"column":33},"end":{"line":4,"column":34}},"loc":{"start":{"line":4,"column":86},"end":{"line":14,"column":1}}}},"branchMap":{"0":{"loc":{"start":{"line":7,"column":4},"end":{"line":9,"column":5}},"type":"if","locations":[{"start":{"line":7,"column":4},"end":{"line":9,"column":5}}]}},"s":{"0":1,"1":1,"2":6,"3":6,"4":3,"5":3,"6":1},"f":{"0":6},"b":{"0":[3]}}
,"C:\\Users\\Dev. JM\\Desktop\\RestApiPERN\\src\\models\\Product.model.ts": {"path":"C:\\Users\\Dev. JM\\Desktop\\RestApiPERN\\src\\models\\Product.model.ts","statementMap":{"0":{"start":{"line":1,"column":0},"end":{"line":1,"column":76}},"1":{"start":{"line":7,"column":0},"end":{"line":26,"column":null}},"2":{"start":{"line":12,"column":4},"end":{"line":12,"column":null}},"3":{"start":{"line":18,"column":4},"end":{"line":18,"column":null}},"4":{"start":{"line":25,"column":4},"end":{"line":25,"column":null}},"5":{"start":{"line":7,"column":6},"end":{"line":26,"column":null}},"6":{"start":{"line":28,"column":0},"end":{"line":28,"column":null}}},"fnMap":{},"branchMap":{},"s":{"0":1,"1":1,"2":1,"3":1,"4":1,"5":1,"6":1},"f":{},"b":{}}
}
