TN:
SF:src\router.ts
FN:26,(anonymous_0)
FN:37,(anonymous_1)
FNF:2
FNH:1
FNDA:3,(anonymous_0)
FNDA:0,(anonymous_1)
DA:1,1
DA:2,1
DA:3,1
DA:4,1
DA:7,1
DA:11,1
DA:13,1
DA:19,1
DA:26,3
DA:31,1
DA:37,0
DA:43,1
DA:53,1
LF:13
LH:12
BRF:0
BRH:0
end_of_record
TN:
SF:src\server.ts
FN:7,connectDB
FNF:1
FNH:1
FNDA:1,connectDB
DA:1,1
DA:2,1
DA:3,1
DA:8,1
DA:9,1
DA:10,1
DA:14,0
DA:15,0
DA:20,1
DA:23,1
DA:26,1
DA:29,1
DA:31,1
LF:13
LH:11
BRF:0
BRH:0
end_of_record
TN:
SF:src\config\db.ts
FNF:0
FNH:0
DA:1,1
DA:2,1
DA:4,1
DA:7,1
DA:13,1
LF:5
LH:5
BRF:0
BRH:0
end_of_record
TN:
SF:src\handlers\product.ts
FN:4,(anonymous_1)
FN:19,(anonymous_2)
FN:38,(anonymous_3)
FN:51,(anonymous_4)
FN:70,(anonymous_5)
FNF:5
FNH:3
FNDA:1,(anonymous_1)
FNDA:2,(anonymous_2)
FNDA:1,(anonymous_3)
FNDA:0,(anonymous_4)
FNDA:0,(anonymous_5)
DA:2,1
DA:4,1
DA:5,1
DA:6,1
DA:11,1
DA:14,0
DA:19,1
DA:20,2
DA:21,2
DA:22,2
DA:24,2
DA:25,1
DA:29,1
DA:32,0
DA:38,1
DA:39,1
DA:40,1
DA:41,1
DA:42,1
DA:45,0
DA:51,1
DA:52,0
DA:53,0
DA:56,0
DA:57,0
DA:63,0
DA:64,0
DA:66,0
DA:70,1
DA:71,0
DA:72,0
DA:75,0
DA:76,0
DA:82,0
DA:83,0
DA:86,0
LF:36
LH:19
BRDA:24,0,0,1
BRDA:56,1,0,0
BRDA:75,2,0,0
BRF:3
BRH:1
end_of_record
TN:
SF:src\middleware\index.ts
FN:4,(anonymous_0)
FNF:1
FNH:1
FNDA:6,(anonymous_0)
DA:2,1
DA:4,1
DA:6,6
DA:7,6
DA:8,3
DA:13,3
LF:6
LH:6
BRDA:7,0,0,3
BRF:1
BRH:1
end_of_record
TN:
SF:src\models\Product.model.ts
FNF:0
FNH:0
DA:1,1
DA:7,1
DA:12,1
DA:18,1
DA:25,1
DA:28,1
LF:6
LH:6
BRF:0
BRH:0
end_of_record
